⏱️  Sat Jun 14 00:35:52 UTC 2025 - 🚀 Starting Backup & Restore Integration Test
📥 Inserting dummy data into mongo_user_service...
Current Mongosh Log ID:	684cc3e96ab5fbb857c1c693
Connecting to:		mongodb://<credentials>@mongo_user:27017/mongo_user_service?authSource=admin&directConnection=true&appName=mongosh+2.0.2
Using MongoDB:		7.0.21
Using Mongosh:		2.0.2

For mongosh info see: https://docs.mongodb.com/mongodb-shell/


To help improve our products, anonymous usage data is collected and sent to MongoDB periodically (https://www.mongodb.com/legal/privacy-policy).
You can opt-out by running the disableTelemetry() command.

------
   The server generated these startup warnings when booting
   2025-06-14T00:14:02.421+00:00: Using the XFS filesystem is strongly recommended with the WiredTiger storage engine. See http://dochub.mongodb.org/core/prodnotes-filesystem
   2025-06-14T00:14:03.901+00:00: vm.max_map_count is too low
------

{
  acknowledged: true,
  insertedId: ObjectId("684cc3e96ab5fbb857c1c694")
}
📥 Inserting dummy data into mongo_ride_service...
Current Mongosh Log ID:	684cc3ead537127dd1c0b336
Connecting to:		mongodb://<credentials>@mongo_ride:27017/mongo_ride_service?authSource=admin&directConnection=true&appName=mongosh+2.0.2
Using MongoDB:		7.0.21
Using Mongosh:		2.0.2

For mongosh info see: https://docs.mongodb.com/mongodb-shell/

------
   The server generated these startup warnings when booting
   2025-06-14T00:14:02.359+00:00: Using the XFS filesystem is strongly recommended with the WiredTiger storage engine. See http://dochub.mongodb.org/core/prodnotes-filesystem
   2025-06-14T00:14:03.781+00:00: vm.max_map_count is too low
------

{
  acknowledged: true,
  insertedId: ObjectId("684cc3ead537127dd1c0b337")
}
💾 Assuming mongo backups are triggered externally or automatically...
🔥 Deleting inserted mongo test data...
Current Mongosh Log ID:	684cc3eb9c85e53a2ef2a321
Connecting to:		mongodb://<credentials>@mongo_user:27017/mongo_user_service?authSource=admin&directConnection=true&appName=mongosh+2.0.2
Using MongoDB:		7.0.21
Using Mongosh:		2.0.2

For mongosh info see: https://docs.mongodb.com/mongodb-shell/

------
   The server generated these startup warnings when booting
   2025-06-14T00:14:02.421+00:00: Using the XFS filesystem is strongly recommended with the WiredTiger storage engine. See http://dochub.mongodb.org/core/prodnotes-filesystem
   2025-06-14T00:14:03.901+00:00: vm.max_map_count is too low
------

{ acknowledged: true, deletedCount: 1 }
Current Mongosh Log ID:	684cc3ecb66000d57e5078a5
Connecting to:		mongodb://<credentials>@mongo_ride:27017/mongo_ride_service?authSource=admin&directConnection=true&appName=mongosh+2.0.2
Using MongoDB:		7.0.21
Using Mongosh:		2.0.2

For mongosh info see: https://docs.mongodb.com/mongodb-shell/

------
   The server generated these startup warnings when booting
   2025-06-14T00:14:02.359+00:00: Using the XFS filesystem is strongly recommended with the WiredTiger storage engine. See http://dochub.mongodb.org/core/prodnotes-filesystem
   2025-06-14T00:14:03.781+00:00: vm.max_map_count is too low
------

{ acknowledged: true, deletedCount: 1 }
♻️ Assuming restore is triggered externally...
🔍 Verifying mongo restore...
Current Mongosh Log ID:	684cc3edbe7a5740255d62a6
Connecting to:		mongodb://<credentials>@mongo_user:27017/mongo_user_service?authSource=admin&directConnection=true&appName=mongosh+2.0.2
Using MongoDB:		7.0.21
Using Mongosh:		2.0.2

For mongosh info see: https://docs.mongodb.com/mongodb-shell/

------
   The server generated these startup warnings when booting
   2025-06-14T00:14:02.421+00:00: Using the XFS filesystem is strongly recommended with the WiredTiger storage engine. See http://dochub.mongodb.org/core/prodnotes-filesystem
   2025-06-14T00:14:03.901+00:00: vm.max_map_count is too low
------

✅ mongo_user_service restore:
null
Current Mongosh Log ID:	684cc3eeda167c4e8955048c
Connecting to:		mongodb://<credentials>@mongo_ride:27017/mongo_ride_service?authSource=admin&directConnection=true&appName=mongosh+2.0.2
Using MongoDB:		7.0.21
Using Mongosh:		2.0.2

For mongosh info see: https://docs.mongodb.com/mongodb-shell/

------
   The server generated these startup warnings when booting
   2025-06-14T00:14:02.359+00:00: Using the XFS filesystem is strongly recommended with the WiredTiger storage engine. See http://dochub.mongodb.org/core/prodnotes-filesystem
   2025-06-14T00:14:03.781+00:00: vm.max_map_count is too low
------

✅ mongo_ride_service restore:
null
📥 Creating test table & inserting row in PostgreSQL...
NOTICE:  table "test" does not exist, skipping
INSERT 0 1
🔍 Querying inserted row in PostgreSQL...
 id |         name         
----+----------------------
  1 | postgres_backup_test
(1 row)

📥 Writing key to Redis...
OK
🔍 Reading key from Redis...
redis_backup_test
🎉 All integration tests completed successfully!
✅ Backup & Restore Integration Test completed successfully!
🎉 Sat Jun 14 00:35:59 UTC 2025 - ✅ Backup & Restore Integration Test completed successfully!
