⏱️  Sat Jun 14 01:08:25 UTC 2025 - 🚀 Starting Backup & Restore Integration Test
📥 Inserting dummy data into mongo_user_service...
Current Mongosh Log ID:	684ccb8b91612d718ec716be
Connecting to:		mongodb://<credentials>@mongo_user:27017/mongo_user_service?authSource=admin&directConnection=true&appName=mongosh+2.0.2
Using MongoDB:		7.0.21
Using Mongosh:		2.0.2

For mongosh info see: https://docs.mongodb.com/mongodb-shell/


To help improve our products, anonymous usage data is collected and sent to MongoDB periodically (https://www.mongodb.com/legal/privacy-policy).
You can opt-out by running the disableTelemetry() command.

------
   The server generated these startup warnings when booting
   2025-06-14T01:08:23.324+00:00: Using the XFS filesystem is strongly recommended with the WiredTiger storage engine. See http://dochub.mongodb.org/core/prodnotes-filesystem
   2025-06-14T01:08:27.601+00:00: vm.max_map_count is too low
------

{
  acknowledged: true,
  insertedId: ObjectId("684ccb8c91612d718ec716bf")
}
📥 Inserting dummy data into mongo_ride_service...
Current Mongosh Log ID:	684ccb8d07848c3907f412c3
Connecting to:		mongodb://<credentials>@mongo_ride:27017/mongo_ride_service?authSource=admin&directConnection=true&appName=mongosh+2.0.2
Using MongoDB:		7.0.21
Using Mongosh:		2.0.2

For mongosh info see: https://docs.mongodb.com/mongodb-shell/

------
   The server generated these startup warnings when booting
   2025-06-14T01:08:23.327+00:00: Using the XFS filesystem is strongly recommended with the WiredTiger storage engine. See http://dochub.mongodb.org/core/prodnotes-filesystem
   2025-06-14T01:08:27.444+00:00: vm.max_map_count is too low
------

{
  acknowledged: true,
  insertedId: ObjectId("684ccb8e07848c3907f412c4")
}
💾 Assuming mongo backups are triggered externally or automatically...
🔥 Deleting inserted mongo test data...
Current Mongosh Log ID:	684ccb8f2dd491a355184ad0
Connecting to:		mongodb://<credentials>@mongo_user:27017/mongo_user_service?authSource=admin&directConnection=true&appName=mongosh+2.0.2
Using MongoDB:		7.0.21
Using Mongosh:		2.0.2

For mongosh info see: https://docs.mongodb.com/mongodb-shell/

------
   The server generated these startup warnings when booting
   2025-06-14T01:08:23.324+00:00: Using the XFS filesystem is strongly recommended with the WiredTiger storage engine. See http://dochub.mongodb.org/core/prodnotes-filesystem
   2025-06-14T01:08:27.601+00:00: vm.max_map_count is too low
------

{ acknowledged: true, deletedCount: 1 }
Current Mongosh Log ID:	684ccb90c28f730222bf08ec
Connecting to:		mongodb://<credentials>@mongo_ride:27017/mongo_ride_service?authSource=admin&directConnection=true&appName=mongosh+2.0.2
Using MongoDB:		7.0.21
Using Mongosh:		2.0.2

For mongosh info see: https://docs.mongodb.com/mongodb-shell/

------
   The server generated these startup warnings when booting
   2025-06-14T01:08:23.327+00:00: Using the XFS filesystem is strongly recommended with the WiredTiger storage engine. See http://dochub.mongodb.org/core/prodnotes-filesystem
   2025-06-14T01:08:27.444+00:00: vm.max_map_count is too low
------

{ acknowledged: true, deletedCount: 1 }
♻️ Assuming restore is triggered externally...
🔍 Verifying mongo restore...
Current Mongosh Log ID:	684ccb92b6f094946c1e2084
Connecting to:		mongodb://<credentials>@mongo_user:27017/mongo_user_service?authSource=admin&directConnection=true&appName=mongosh+2.0.2
Using MongoDB:		7.0.21
Using Mongosh:		2.0.2

For mongosh info see: https://docs.mongodb.com/mongodb-shell/

------
   The server generated these startup warnings when booting
   2025-06-14T01:08:23.324+00:00: Using the XFS filesystem is strongly recommended with the WiredTiger storage engine. See http://dochub.mongodb.org/core/prodnotes-filesystem
   2025-06-14T01:08:27.601+00:00: vm.max_map_count is too low
------

✅ mongo_user_service restore:
null
Current Mongosh Log ID:	684ccb939e6e445ac9135965
Connecting to:		mongodb://<credentials>@mongo_ride:27017/mongo_ride_service?authSource=admin&directConnection=true&appName=mongosh+2.0.2
Using MongoDB:		7.0.21
Using Mongosh:		2.0.2

For mongosh info see: https://docs.mongodb.com/mongodb-shell/

------
   The server generated these startup warnings when booting
   2025-06-14T01:08:23.327+00:00: Using the XFS filesystem is strongly recommended with the WiredTiger storage engine. See http://dochub.mongodb.org/core/prodnotes-filesystem
   2025-06-14T01:08:27.444+00:00: vm.max_map_count is too low
------

✅ mongo_ride_service restore:
null
📥 Creating test table & inserting row in PostgreSQL...
INSERT 0 1
🔍 Querying inserted row in PostgreSQL...
 id |         name         
----+----------------------
  1 | postgres_backup_test
(1 row)

📥 Writing key to Redis...
OK
🔍 Reading key from Redis...
redis_backup_test
🎉 All integration tests completed successfully!
✅ Backup & Restore Integration Test completed successfully!
🎉 Sat Jun 14 01:08:36 UTC 2025 - ✅ Backup & Restore Integration Test completed successfully!
